[29-Mar-2024 15:50:50] NOTICE: fpm is running, pid 2276
[29-Mar-2024 15:50:50] NOTICE: ready to handle connections
[29-Mar-2024 16:54:45] NOTICE: Terminating ...
[29-Mar-2024 16:54:45] NOTICE: Terminating ...
[29-Mar-2024 16:54:45] NOTICE: exiting, bye-bye!
[30-Mar-2024 18:18:12] NOTICE: fpm is running, pid 837
[30-Mar-2024 18:18:12] NOTICE: ready to handle connections
[30-Mar-2024 18:52:37] NOTICE: Terminating ...
[30-Mar-2024 18:52:37] NOTICE: Terminating ...
[30-Mar-2024 18:52:37] NOTICE: exiting, bye-bye!
[30-Mar-2024 18:52:51] NOTICE: fpm is running, pid 1154
[30-Mar-2024 18:52:51] NOTICE: ready to handle connections
[30-Mar-2024 18:54:55] NOTICE: Terminating ...
[30-Mar-2024 18:54:55] NOTICE: Terminating ...
[30-Mar-2024 18:54:55] NOTICE: exiting, bye-bye!
[01-Apr-2024 10:44:42] NOTICE: fpm is running, pid 1408
[01-Apr-2024 10:44:42] NOTICE: ready to handle connections
[01-Apr-2024 12:01:44] NOTICE: Terminating ...
[01-Apr-2024 12:01:44] NOTICE: exiting, bye-bye!
[01-Apr-2024 12:01:44] NOTICE: fpm is running, pid 2677
[01-Apr-2024 12:01:44] NOTICE: ready to handle connections
[01-Apr-2024 12:01:47] NOTICE: Terminating ...
[01-Apr-2024 12:01:47] NOTICE: exiting, bye-bye!
[01-Apr-2024 12:01:47] NOTICE: fpm is running, pid 2697
[01-Apr-2024 12:01:47] NOTICE: ready to handle connections
[01-Apr-2024 13:07:35] NOTICE: fpm is running, pid 548
[01-Apr-2024 13:07:35] NOTICE: ready to handle connections
[01-Apr-2024 16:13:36] NOTICE: Terminating ...
[01-Apr-2024 16:13:36] NOTICE: Terminating ...
[01-Apr-2024 16:13:36] NOTICE: exiting, bye-bye!
[01-Apr-2024 18:06:27] NOTICE: fpm is running, pid 637
[01-Apr-2024 18:06:27] NOTICE: ready to handle connections
[01-Apr-2024 19:01:31] NOTICE: Terminating ...
[01-Apr-2024 19:01:31] NOTICE: Terminating ...
[01-Apr-2024 19:01:31] NOTICE: exiting, bye-bye!
[01-Apr-2024 19:01:56] NOTICE: fpm is running, pid 1205
[01-Apr-2024 19:01:56] NOTICE: ready to handle connections
