AH00557: httpd: apr_sockaddr_info_get() failed for Stevens-MacBook-Pro.local
AH00558: httpd: Could not reliably determine the server's fully qualified domain name, using 127.0.0.1. Set the 'ServerName' directive globally to suppress this message
[Fri Mar 29 15:51:00.092410 2024] [mpm_event:notice] [pid 2278:tid 4509466112] AH00489: Apache/2.4.43 (Unix) configured -- resuming normal operations
[Fri Mar 29 15:51:00.094012 2024] [core:notice] [pid 2278:tid 4509466112] AH00094: Command line: '/Users/stevenbrooks/Library/Application Support/Local/lightning-services/apache-2.4.43+8/bin/darwin/bin/httpd -D FOREGROUND -f /Users/stevenbrooks/Library/Application Support/Local/run/GQxo9xgSp/conf/apache/apache2.conf'
[Fri Mar 29 16:54:45.402006 2024] [mpm_event:notice] [pid 2278:tid 4509466112] AH00491: caught SIGTERM, shutting down
AH00557: httpd: apr_sockaddr_info_get() failed for Stevens-MacBook-Pro.local
AH00558: httpd: Could not reliably determine the server's fully qualified domain name, using 127.0.0.1. Set the 'ServerName' directive globally to suppress this message
[Sat Mar 30 18:18:22.097238 2024] [mpm_event:notice] [pid 839:tid 4772666880] AH00489: Apache/2.4.43 (Unix) configured -- resuming normal operations
[Sat Mar 30 18:18:22.098321 2024] [core:notice] [pid 839:tid 4772666880] AH00094: Command line: '/Users/stevenbrooks/Library/Application Support/Local/lightning-services/apache-2.4.43+8/bin/darwin/bin/httpd -D FOREGROUND -f /Users/stevenbrooks/Library/Application Support/Local/run/GQxo9xgSp/conf/apache/apache2.conf'
[Sat Mar 30 18:52:37.670423 2024] [mpm_event:notice] [pid 839:tid 4772666880] AH00491: caught SIGTERM, shutting down
AH00557: httpd: apr_sockaddr_info_get() failed for Stevens-MacBook-Pro.local
AH00558: httpd: Could not reliably determine the server's fully qualified domain name, using 127.0.0.1. Set the 'ServerName' directive globally to suppress this message
[Sat Mar 30 18:53:01.715028 2024] [mpm_event:notice] [pid 1156:tid 4517744128] AH00489: Apache/2.4.43 (Unix) configured -- resuming normal operations
[Sat Mar 30 18:53:01.716255 2024] [core:notice] [pid 1156:tid 4517744128] AH00094: Command line: '/Users/stevenbrooks/Library/Application Support/Local/lightning-services/apache-2.4.43+8/bin/darwin/bin/httpd -D FOREGROUND -f /Users/stevenbrooks/Library/Application Support/Local/run/GQxo9xgSp/conf/apache/apache2.conf'
[Sat Mar 30 18:54:55.629264 2024] [mpm_event:notice] [pid 1156:tid 4517744128] AH00491: caught SIGTERM, shutting down
AH00557: httpd: apr_sockaddr_info_get() failed for Stevens-MacBook-Pro.local
AH00558: httpd: Could not reliably determine the server's fully qualified domain name, using 127.0.0.1. Set the 'ServerName' directive globally to suppress this message
[Mon Apr 01 10:44:52.316548 2024] [mpm_event:notice] [pid 1410:tid 4585770496] AH00489: Apache/2.4.43 (Unix) configured -- resuming normal operations
[Mon Apr 01 10:44:52.317491 2024] [core:notice] [pid 1410:tid 4585770496] AH00094: Command line: '/Users/stevenbrooks/Library/Application Support/Local/lightning-services/apache-2.4.43+8/bin/darwin/bin/httpd -D FOREGROUND -f /Users/stevenbrooks/Library/Application Support/Local/run/GQxo9xgSp/conf/apache/apache2.conf'
[Mon Apr 01 12:01:44.259849 2024] [mpm_event:notice] [pid 1410:tid 4585770496] AH00491: caught SIGTERM, shutting down
AH00557: httpd: apr_sockaddr_info_get() failed for Stevens-MacBook-Pro.local
AH00558: httpd: Could not reliably determine the server's fully qualified domain name, using 127.0.0.1. Set the 'ServerName' directive globally to suppress this message
[Mon Apr 01 13:07:45.265964 2024] [mpm_event:notice] [pid 550:tid 4364828160] AH00489: Apache/2.4.43 (Unix) configured -- resuming normal operations
[Mon Apr 01 13:07:45.266962 2024] [core:notice] [pid 550:tid 4364828160] AH00094: Command line: '/Users/stevenbrooks/Library/Application Support/Local/lightning-services/apache-2.4.43+8/bin/darwin/bin/httpd -D FOREGROUND -f /Users/stevenbrooks/Library/Application Support/Local/run/GQxo9xgSp/conf/apache/apache2.conf'
[Mon Apr 01 16:13:36.616709 2024] [mpm_event:notice] [pid 550:tid 4364828160] AH00491: caught SIGTERM, shutting down
AH00557: httpd: apr_sockaddr_info_get() failed for Stevens-MacBook-Pro.local
AH00558: httpd: Could not reliably determine the server's fully qualified domain name, using 127.0.0.1. Set the 'ServerName' directive globally to suppress this message
[Mon Apr 01 18:06:37.466570 2024] [mpm_event:notice] [pid 640:tid 4437061120] AH00489: Apache/2.4.43 (Unix) configured -- resuming normal operations
[Mon Apr 01 18:06:37.467272 2024] [core:notice] [pid 640:tid 4437061120] AH00094: Command line: '/Users/stevenbrooks/Library/Application Support/Local/lightning-services/apache-2.4.43+8/bin/darwin/bin/httpd -D FOREGROUND -f /Users/stevenbrooks/Library/Application Support/Local/run/GQxo9xgSp/conf/apache/apache2.conf'
[Mon Apr 01 19:01:31.889670 2024] [mpm_event:notice] [pid 640:tid 4437061120] AH00491: caught SIGTERM, shutting down
AH00557: httpd: apr_sockaddr_info_get() failed for Stevens-MacBook-Pro.local
AH00558: httpd: Could not reliably determine the server's fully qualified domain name, using 127.0.0.1. Set the 'ServerName' directive globally to suppress this message
[Mon Apr 01 19:02:06.340420 2024] [mpm_event:notice] [pid 1207:tid 4502216192] AH00489: Apache/2.4.43 (Unix) configured -- resuming normal operations
[Mon Apr 01 19:02:06.344366 2024] [core:notice] [pid 1207:tid 4502216192] AH00094: Command line: '/Users/stevenbrooks/Library/Application Support/Local/lightning-services/apache-2.4.43+8/bin/darwin/bin/httpd -D FOREGROUND -f /Users/stevenbrooks/Library/Application Support/Local/run/GQxo9xgSp/conf/apache/apache2.conf'
